<?xml version="1.0" encoding="UTF-8"?>
<!-- Generated by org.testng.reporters.JUnitXMLReporter -->
<testsuite hostname="MSI" ignored="1" name="Test1" tests="2" failures="0" timestamp="2022-06-26T12:13:00 IST" time="0.048" errors="0">
  <testcase name="one" time="0.007" classname="salesforce.Test"/>
  <testcase name="three" time="0.001" classname="salesforce.Test"/>
  <testcase name="two" time="0.0" classname="salesforce.Test">
    <ignored/>
  </testcase> <!-- two -->
</testsuite> <!-- Test1 -->
